(node:10328) UnhandledPromiseRejectionWarning: Error: Could not find player config
    at exports.getBasicInfo (C:\Users\utilisateur\Desktop\Youtube downloader\Server\node_modules\ytdl-core\lib\info.js:59:13)
    at processTicksAndRejections (internal/process/task_queues.js:97:5)
    at async Function.exports.<computed> [as getBasicInfo] (C:\Users\utilisateur\Desktop\Youtube downloader\Server\node_modules\ytdl-core\lib\info.js:296:18)
(node:10328) UnhandledPromiseRejectionWarning: Unhandled promise rejection. This error originated either by throwing inside of an async function without a catch block, or by rejecting a promise which was not handled with .catch(). To terminate the node process on unhandled promise rejection, use the CLI flag `--unhandled-rejections=strict` (see https://nodejs.org/api/cli.html#cli_unhandled_rejections_mode). (rejection id: 1)
(node:10328) [DEP0018] DeprecationWarning: Unhandled promise rejections are deprecated. In the future, promise rejections that are not handled will terminate the Node.js process with a non-zero exit code.
(node:10328) UnhandledPromiseRejectionWarning: Error: Could not find player config
    at exports.getBasicInfo (C:\Users\utilisateur\Desktop\Youtube downloader\Server\node_modules\ytdl-core\lib\info.js:59:13)
    at runMicrotasks (<anonymous>)
    at processTicksAndRejections (internal/process/task_queues.js:97:5)
    at async Function.exports.<computed> [as getBasicInfo] (C:\Users\utilisateur\Desktop\Youtube downloader\Server\node_modules\ytdl-core\lib\info.js:296:18)
(node:10328) UnhandledPromiseRejectionWarning: Unhandled promise rejection. This error originated either by throwing inside of an async function without a catch block, or by rejecting a promise which was not handled with .catch(). To terminate the node process on unhandled promise rejection, use the CLI flag `--unhandled-rejections=strict` (see https://nodejs.org/api/cli.html#cli_unhandled_rejections_mode). (rejection id: 2)
(node:10328) UnhandledPromiseRejectionWarning: Error: Could not find player config
    at exports.getBasicInfo (C:\Users\utilisateur\Desktop\Youtube downloader\Server\node_modules\ytdl-core\lib\info.js:59:13)
    at runMicrotasks (<anonymous>)
    at processTicksAndRejections (internal/process/task_queues.js:97:5)
    at async Function.exports.<computed> [as getBasicInfo] (C:\Users\utilisateur\Desktop\Youtube downloader\Server\node_modules\ytdl-core\lib\info.js:296:18)
(node:10328) UnhandledPromiseRejectionWarning: Unhandled promise rejection. This error originated either by throwing inside of an async function without a catch block, or by rejecting a promise which was not handled with .catch(). To terminate the node process on unhandled promise rejection, use the CLI flag `--unhandled-rejections=strict` (see https://nodejs.org/api/cli.html#cli_unhandled_rejections_mode). (rejection id: 3)
(node:10328) UnhandledPromiseRejectionWarning: Error: Could not find player config
    at exports.getBasicInfo (C:\Users\utilisateur\Desktop\Youtube downloader\Server\node_modules\ytdl-core\lib\info.js:59:13)
    at runMicrotasks (<anonymous>)
    at processTicksAndRejections (internal/process/task_queues.js:97:5)
    at async Function.exports.<computed> [as getBasicInfo] (C:\Users\utilisateur\Desktop\Youtube downloader\Server\node_modules\ytdl-core\lib\info.js:296:18)
(node:10328) UnhandledPromiseRejectionWarning: Unhandled promise rejection. This error originated either by throwing inside of an async function without a catch block, or by rejecting a promise which was not handled with .catch(). To terminate the node process on unhandled promise rejection, use the CLI flag `--unhandled-rejections=strict` (see https://nodejs.org/api/cli.html#cli_unhandled_rejections_mode). (rejection id: 4)
(node:10084) UnhandledPromiseRejectionWarning: Error: Could not find player config
    at exports.getBasicInfo (C:\Users\utilisateur\Desktop\Youtube downloader\Server\node_modules\ytdl-core\lib\info.js:59:13)
    at processTicksAndRejections (internal/process/task_queues.js:97:5)
    at async Function.exports.<computed> [as getBasicInfo] (C:\Users\utilisateur\Desktop\Youtube downloader\Server\node_modules\ytdl-core\lib\info.js:296:18)
(node:10084) UnhandledPromiseRejectionWarning: Unhandled promise rejection. This error originated either by throwing inside of an async function without a catch block, or by rejecting a promise which was not handled with .catch(). To terminate the node process on unhandled promise rejection, use the CLI flag `--unhandled-rejections=strict` (see https://nodejs.org/api/cli.html#cli_unhandled_rejections_mode). (rejection id: 1)
(node:10084) [DEP0018] DeprecationWarning: Unhandled promise rejections are deprecated. In the future, promise rejections that are not handled will terminate the Node.js process with a non-zero exit code.
(node:10084) UnhandledPromiseRejectionWarning: Error: Could not find player config
    at exports.getBasicInfo (C:\Users\utilisateur\Desktop\Youtube downloader\Server\node_modules\ytdl-core\lib\info.js:59:13)
    at processTicksAndRejections (internal/process/task_queues.js:97:5)
    at async Function.exports.<computed> [as getBasicInfo] (C:\Users\utilisateur\Desktop\Youtube downloader\Server\node_modules\ytdl-core\lib\info.js:296:18)
(node:10084) UnhandledPromiseRejectionWarning: Unhandled promise rejection. This error originated either by throwing inside of an async function without a catch block, or by rejecting a promise which was not handled with .catch(). To terminate the node process on unhandled promise rejection, use the CLI flag `--unhandled-rejections=strict` (see https://nodejs.org/api/cli.html#cli_unhandled_rejections_mode). (rejection id: 2)
(node:10084) UnhandledPromiseRejectionWarning: Error: Could not find player config
    at exports.getBasicInfo (C:\Users\utilisateur\Desktop\Youtube downloader\Server\node_modules\ytdl-core\lib\info.js:59:13)
    at processTicksAndRejections (internal/process/task_queues.js:97:5)
    at async Function.exports.<computed> [as getBasicInfo] (C:\Users\utilisateur\Desktop\Youtube downloader\Server\node_modules\ytdl-core\lib\info.js:296:18)
(node:10084) UnhandledPromiseRejectionWarning: Unhandled promise rejection. This error originated either by throwing inside of an async function without a catch block, or by rejecting a promise which was not handled with .catch(). To terminate the node process on unhandled promise rejection, use the CLI flag `--unhandled-rejections=strict` (see https://nodejs.org/api/cli.html#cli_unhandled_rejections_mode). (rejection id: 3)
(node:10084) UnhandledPromiseRejectionWarning: Error: Could not find player config
    at exports.getBasicInfo (C:\Users\utilisateur\Desktop\Youtube downloader\Server\node_modules\ytdl-core\lib\info.js:59:13)
    at runMicrotasks (<anonymous>)
    at processTicksAndRejections (internal/process/task_queues.js:97:5)
    at async Function.exports.<computed> [as getBasicInfo] (C:\Users\utilisateur\Desktop\Youtube downloader\Server\node_modules\ytdl-core\lib\info.js:296:18)
(node:10084) UnhandledPromiseRejectionWarning: Unhandled promise rejection. This error originated either by throwing inside of an async function without a catch block, or by rejecting a promise which was not handled with .catch(). To terminate the node process on unhandled promise rejection, use the CLI flag `--unhandled-rejections=strict` (see https://nodejs.org/api/cli.html#cli_unhandled_rejections_mode). (rejection id: 4)
(node:5432) UnhandledPromiseRejectionWarning: Error: Could not find player config
    at exports.getBasicInfo (C:\Users\utilisateur\Desktop\Youtube downloader\Server\node_modules\ytdl-core\lib\info.js:59:13)
    at processTicksAndRejections (internal/process/task_queues.js:97:5)
    at async Function.exports.<computed> [as getBasicInfo] (C:\Users\utilisateur\Desktop\Youtube downloader\Server\node_modules\ytdl-core\lib\info.js:296:18)
(node:5432) UnhandledPromiseRejectionWarning: Unhandled promise rejection. This error originated either by throwing inside of an async function without a catch block, or by rejecting a promise which was not handled with .catch(). To terminate the node process on unhandled promise rejection, use the CLI flag `--unhandled-rejections=strict` (see https://nodejs.org/api/cli.html#cli_unhandled_rejections_mode). (rejection id: 1)
(node:5432) [DEP0018] DeprecationWarning: Unhandled promise rejections are deprecated. In the future, promise rejections that are not handled will terminate the Node.js process with a non-zero exit code.
(node:12916) UnhandledPromiseRejectionWarning: Error: Could not find player config
    at exports.getBasicInfo (C:\Users\utilisateur\Desktop\Youtube downloader\Server\node_modules\ytdl-core\lib\info.js:59:13)
    at processTicksAndRejections (internal/process/task_queues.js:97:5)
    at async Function.exports.<computed> [as getBasicInfo] (C:\Users\utilisateur\Desktop\Youtube downloader\Server\node_modules\ytdl-core\lib\info.js:296:18)
(node:12916) UnhandledPromiseRejectionWarning: Unhandled promise rejection. This error originated either by throwing inside of an async function without a catch block, or by rejecting a promise which was not handled with .catch(). To terminate the node process on unhandled promise rejection, use the CLI flag `--unhandled-rejections=strict` (see https://nodejs.org/api/cli.html#cli_unhandled_rejections_mode). (rejection id: 1)
(node:12916) [DEP0018] DeprecationWarning: Unhandled promise rejections are deprecated. In the future, promise rejections that are not handled will terminate the Node.js process with a non-zero exit code.
(node:12916) UnhandledPromiseRejectionWarning: Error: Could not find player config
    at exports.getBasicInfo (C:\Users\utilisateur\Desktop\Youtube downloader\Server\node_modules\ytdl-core\lib\info.js:59:13)
    at processTicksAndRejections (internal/process/task_queues.js:97:5)
    at async Function.exports.<computed> [as getBasicInfo] (C:\Users\utilisateur\Desktop\Youtube downloader\Server\node_modules\ytdl-core\lib\info.js:296:18)
(node:12916) UnhandledPromiseRejectionWarning: Unhandled promise rejection. This error originated either by throwing inside of an async function without a catch block, or by rejecting a promise which was not handled with .catch(). To terminate the node process on unhandled promise rejection, use the CLI flag `--unhandled-rejections=strict` (see https://nodejs.org/api/cli.html#cli_unhandled_rejections_mode). (rejection id: 2)
(node:12916) UnhandledPromiseRejectionWarning: Error: Could not find player config
    at exports.getBasicInfo (C:\Users\utilisateur\Desktop\Youtube downloader\Server\node_modules\ytdl-core\lib\info.js:59:13)
    at processTicksAndRejections (internal/process/task_queues.js:97:5)
    at async Function.exports.<computed> [as getBasicInfo] (C:\Users\utilisateur\Desktop\Youtube downloader\Server\node_modules\ytdl-core\lib\info.js:296:18)
(node:12916) UnhandledPromiseRejectionWarning: Unhandled promise rejection. This error originated either by throwing inside of an async function without a catch block, or by rejecting a promise which was not handled with .catch(). To terminate the node process on unhandled promise rejection, use the CLI flag `--unhandled-rejections=strict` (see https://nodejs.org/api/cli.html#cli_unhandled_rejections_mode). (rejection id: 3)
(node:12916) UnhandledPromiseRejectionWarning: Error: Could not find player config
    at exports.getBasicInfo (C:\Users\utilisateur\Desktop\Youtube downloader\Server\node_modules\ytdl-core\lib\info.js:59:13)
    at runMicrotasks (<anonymous>)
    at processTicksAndRejections (internal/process/task_queues.js:97:5)
    at async Function.exports.<computed> [as getBasicInfo] (C:\Users\utilisateur\Desktop\Youtube downloader\Server\node_modules\ytdl-core\lib\info.js:296:18)
(node:12916) UnhandledPromiseRejectionWarning: Unhandled promise rejection. This error originated either by throwing inside of an async function without a catch block, or by rejecting a promise which was not handled with .catch(). To terminate the node process on unhandled promise rejection, use the CLI flag `--unhandled-rejections=strict` (see https://nodejs.org/api/cli.html#cli_unhandled_rejections_mode). (rejection id: 4)
(node:12916) UnhandledPromiseRejectionWarning: Error: Could not find player config
    at exports.getBasicInfo (C:\Users\utilisateur\Desktop\Youtube downloader\Server\node_modules\ytdl-core\lib\info.js:59:13)
    at runMicrotasks (<anonymous>)
    at processTicksAndRejections (internal/process/task_queues.js:97:5)
    at async Function.exports.<computed> [as getBasicInfo] (C:\Users\utilisateur\Desktop\Youtube downloader\Server\node_modules\ytdl-core\lib\info.js:296:18)
(node:12916) UnhandledPromiseRejectionWarning: Unhandled promise rejection. This error originated either by throwing inside of an async function without a catch block, or by rejecting a promise which was not handled with .catch(). To terminate the node process on unhandled promise rejection, use the CLI flag `--unhandled-rejections=strict` (see https://nodejs.org/api/cli.html#cli_unhandled_rejections_mode). (rejection id: 5)
(node:12916) UnhandledPromiseRejectionWarning: Error: Could not find player config
    at exports.getBasicInfo (C:\Users\utilisateur\Desktop\Youtube downloader\Server\node_modules\ytdl-core\lib\info.js:59:13)
    at runMicrotasks (<anonymous>)
    at processTicksAndRejections (internal/process/task_queues.js:97:5)
    at async Function.exports.<computed> [as getBasicInfo] (C:\Users\utilisateur\Desktop\Youtube downloader\Server\node_modules\ytdl-core\lib\info.js:296:18)
(node:12916) UnhandledPromiseRejectionWarning: Unhandled promise rejection. This error originated either by throwing inside of an async function without a catch block, or by rejecting a promise which was not handled with .catch(). To terminate the node process on unhandled promise rejection, use the CLI flag `--unhandled-rejections=strict` (see https://nodejs.org/api/cli.html#cli_unhandled_rejections_mode). (rejection id: 6)
(node:13260) UnhandledPromiseRejectionWarning: Error: Could not find player config
    at exports.getBasicInfo (C:\Users\utilisateur\Desktop\Youtube downloader\Server\node_modules\ytdl-core\lib\info.js:59:13)
    at processTicksAndRejections (internal/process/task_queues.js:97:5)
    at async Function.exports.<computed> [as getBasicInfo] (C:\Users\utilisateur\Desktop\Youtube downloader\Server\node_modules\ytdl-core\lib\info.js:296:18)
(node:13260) UnhandledPromiseRejectionWarning: Unhandled promise rejection. This error originated either by throwing inside of an async function without a catch block, or by rejecting a promise which was not handled with .catch(). To terminate the node process on unhandled promise rejection, use the CLI flag `--unhandled-rejections=strict` (see https://nodejs.org/api/cli.html#cli_unhandled_rejections_mode). (rejection id: 1)
(node:13260) [DEP0018] DeprecationWarning: Unhandled promise rejections are deprecated. In the future, promise rejections that are not handled will terminate the Node.js process with a non-zero exit code.
(node:13260) UnhandledPromiseRejectionWarning: Error: Could not find player config
    at exports.getBasicInfo (C:\Users\utilisateur\Desktop\Youtube downloader\Server\node_modules\ytdl-core\lib\info.js:59:13)
    at processTicksAndRejections (internal/process/task_queues.js:97:5)
    at async Function.exports.<computed> [as getBasicInfo] (C:\Users\utilisateur\Desktop\Youtube downloader\Server\node_modules\ytdl-core\lib\info.js:296:18)
(node:13260) UnhandledPromiseRejectionWarning: Unhandled promise rejection. This error originated either by throwing inside of an async function without a catch block, or by rejecting a promise which was not handled with .catch(). To terminate the node process on unhandled promise rejection, use the CLI flag `--unhandled-rejections=strict` (see https://nodejs.org/api/cli.html#cli_unhandled_rejections_mode). (rejection id: 2)
(node:13260) UnhandledPromiseRejectionWarning: Error: Could not find player config
    at exports.getBasicInfo (C:\Users\utilisateur\Desktop\Youtube downloader\Server\node_modules\ytdl-core\lib\info.js:59:13)
    at processTicksAndRejections (internal/process/task_queues.js:97:5)
    at async Function.exports.<computed> [as getBasicInfo] (C:\Users\utilisateur\Desktop\Youtube downloader\Server\node_modules\ytdl-core\lib\info.js:296:18)
(node:13260) UnhandledPromiseRejectionWarning: Unhandled promise rejection. This error originated either by throwing inside of an async function without a catch block, or by rejecting a promise which was not handled with .catch(). To terminate the node process on unhandled promise rejection, use the CLI flag `--unhandled-rejections=strict` (see https://nodejs.org/api/cli.html#cli_unhandled_rejections_mode). (rejection id: 3)
(node:13260) UnhandledPromiseRejectionWarning: Error: Could not find player config
    at exports.getBasicInfo (C:\Users\utilisateur\Desktop\Youtube downloader\Server\node_modules\ytdl-core\lib\info.js:59:13)
    at runMicrotasks (<anonymous>)
    at processTicksAndRejections (internal/process/task_queues.js:97:5)
    at async Function.exports.<computed> [as getBasicInfo] (C:\Users\utilisateur\Desktop\Youtube downloader\Server\node_modules\ytdl-core\lib\info.js:296:18)
(node:13260) UnhandledPromiseRejectionWarning: Unhandled promise rejection. This error originated either by throwing inside of an async function without a catch block, or by rejecting a promise which was not handled with .catch(). To terminate the node process on unhandled promise rejection, use the CLI flag `--unhandled-rejections=strict` (see https://nodejs.org/api/cli.html#cli_unhandled_rejections_mode). (rejection id: 4)
(node:13260) UnhandledPromiseRejectionWarning: Error: Could not find player config
    at exports.getBasicInfo (C:\Users\utilisateur\Desktop\Youtube downloader\Server\node_modules\ytdl-core\lib\info.js:59:13)
    at runMicrotasks (<anonymous>)
    at processTicksAndRejections (internal/process/task_queues.js:97:5)
    at async Function.exports.<computed> [as getBasicInfo] (C:\Users\utilisateur\Desktop\Youtube downloader\Server\node_modules\ytdl-core\lib\info.js:296:18)
(node:13260) UnhandledPromiseRejectionWarning: Unhandled promise rejection. This error originated either by throwing inside of an async function without a catch block, or by rejecting a promise which was not handled with .catch(). To terminate the node process on unhandled promise rejection, use the CLI flag `--unhandled-rejections=strict` (see https://nodejs.org/api/cli.html#cli_unhandled_rejections_mode). (rejection id: 5)
(node:13260) UnhandledPromiseRejectionWarning: Error: Could not find player config
    at exports.getBasicInfo (C:\Users\utilisateur\Desktop\Youtube downloader\Server\node_modules\ytdl-core\lib\info.js:59:13)
    at runMicrotasks (<anonymous>)
    at processTicksAndRejections (internal/process/task_queues.js:97:5)
    at async Function.exports.<computed> [as getBasicInfo] (C:\Users\utilisateur\Desktop\Youtube downloader\Server\node_modules\ytdl-core\lib\info.js:296:18)
(node:13260) UnhandledPromiseRejectionWarning: Unhandled promise rejection. This error originated either by throwing inside of an async function without a catch block, or by rejecting a promise which was not handled with .catch(). To terminate the node process on unhandled promise rejection, use the CLI flag `--unhandled-rejections=strict` (see https://nodejs.org/api/cli.html#cli_unhandled_rejections_mode). (rejection id: 6)
(node:13260) UnhandledPromiseRejectionWarning: Error: Could not find player config
    at exports.getBasicInfo (C:\Users\utilisateur\Desktop\Youtube downloader\Server\node_modules\ytdl-core\lib\info.js:59:13)
    at runMicrotasks (<anonymous>)
    at processTicksAndRejections (internal/process/task_queues.js:97:5)
    at async Function.exports.<computed> [as getBasicInfo] (C:\Users\utilisateur\Desktop\Youtube downloader\Server\node_modules\ytdl-core\lib\info.js:296:18)
(node:13260) UnhandledPromiseRejectionWarning: Unhandled promise rejection. This error originated either by throwing inside of an async function without a catch block, or by rejecting a promise which was not handled with .catch(). To terminate the node process on unhandled promise rejection, use the CLI flag `--unhandled-rejections=strict` (see https://nodejs.org/api/cli.html#cli_unhandled_rejections_mode). (rejection id: 7)
